06:18:09.237 [main] INFO  testCases.Tc_001_AccountRegistrationTest - Validating confirmaion msg
06:18:09.241 [main] INFO  testCases.Tc_001_AccountRegistrationTest - Test Passsed
06:18:09.243 [main] INFO  testCases.Tc_001_AccountRegistrationTest - ****   Finished Tc_001_AccountRegistrationTest  ****
06:18:10.569 [main] INFO  testCases.Tc_002_LoginTest - *** Starting LoginTest***
06:18:10.603 [main] INFO  testCases.Tc_002_LoginTest - Clicked myaccount link from Homepage
06:18:10.763 [main] INFO  testCases.Tc_002_LoginTest - Clicked login link  from Homepage
06:18:10.850 [main] INFO  testCases.Tc_002_LoginTest - Entered login details
06:18:10.872 [main] INFO  testCases.Tc_002_LoginTest - clicked login button
06:18:11.027 [main] INFO  testCases.Tc_002_LoginTest - $$$LOGIN IS SUCCESSFULL$$$
06:18:11.117 [main] INFO  testCases.Tc_002_LoginTest - Clicked logout
06:18:11.117 [main] INFO  testCases.Tc_002_LoginTest - *** Finished LoginTest***
08:28:57.965 [main] INFO  testCases.Tc_001_AccountRegistrationTest - ****   Starting Tc_001_AccountRegistrationTest  ****
08:28:57.967 [main] DEBUG testCases.Tc_001_AccountRegistrationTest - Application Logs....
08:28:58.011 [main] INFO  testCases.Tc_001_AccountRegistrationTest - Clicked on MyAccount link
08:28:58.183 [main] INFO  testCases.Tc_001_AccountRegistrationTest - Clicked on register link
08:28:58.184 [main] INFO  testCases.Tc_001_AccountRegistrationTest - Entering customer information
08:28:58.348 [main] INFO  testCases.Tc_001_AccountRegistrationTest - Clicked Continue button
08:28:58.642 [main] INFO  testCases.Tc_001_AccountRegistrationTest - Validating confirmaion msg
08:28:58.642 [main] INFO  testCases.Tc_001_AccountRegistrationTest - Test Passsed
08:28:58.643 [main] INFO  testCases.Tc_001_AccountRegistrationTest - ****   Finished Tc_001_AccountRegistrationTest  ****
08:28:59.961 [main] INFO  testCases.Tc_002_LoginTest - *** Starting LoginTest***
08:29:00.003 [main] INFO  testCases.Tc_002_LoginTest - Clicked myaccount link from Homepage
08:29:00.145 [main] INFO  testCases.Tc_002_LoginTest - Clicked login link  from Homepage
08:29:00.230 [main] INFO  testCases.Tc_002_LoginTest - Entered login details
08:29:00.252 [main] INFO  testCases.Tc_002_LoginTest - clicked login button
08:29:00.404 [main] INFO  testCases.Tc_002_LoginTest - $$$LOGIN IS SUCCESSFULL$$$
08:29:00.491 [main] INFO  testCases.Tc_002_LoginTest - Clicked logout
08:29:00.491 [main] INFO  testCases.Tc_002_LoginTest - *** Finished LoginTest***
10:25:23.061 [main] INFO  testCases.Tc_001_AccountRegistrationTest - ****   Starting Tc_001_AccountRegistrationTest  ****
10:25:23.063 [main] DEBUG testCases.Tc_001_AccountRegistrationTest - Application Logs....
10:25:23.101 [main] INFO  testCases.Tc_001_AccountRegistrationTest - Clicked on MyAccount link
10:25:23.277 [main] INFO  testCases.Tc_001_AccountRegistrationTest - Clicked on register link
10:25:23.278 [main] INFO  testCases.Tc_001_AccountRegistrationTest - Entering customer information
10:25:23.426 [main] INFO  testCases.Tc_001_AccountRegistrationTest - Clicked Continue button
10:25:23.670 [main] INFO  testCases.Tc_001_AccountRegistrationTest - Validating confirmaion msg
10:25:23.671 [main] INFO  testCases.Tc_001_AccountRegistrationTest - Test Passsed
10:25:23.671 [main] INFO  testCases.Tc_001_AccountRegistrationTest - ****   Finished Tc_001_AccountRegistrationTest  ****
10:25:24.994 [main] INFO  testCases.Tc_002_LoginTest - *** Starting LoginTest***
10:25:25.026 [main] INFO  testCases.Tc_002_LoginTest - Clicked myaccount link from Homepage
10:25:25.186 [main] INFO  testCases.Tc_002_LoginTest - Clicked login link  from Homepage
10:25:25.270 [main] INFO  testCases.Tc_002_LoginTest - Entered login details
10:25:25.293 [main] INFO  testCases.Tc_002_LoginTest - clicked login button
10:25:25.445 [main] INFO  testCases.Tc_002_LoginTest - $$$LOGIN IS SUCCESSFULL$$$
10:25:25.534 [main] INFO  testCases.Tc_002_LoginTest - Clicked logout
10:25:25.534 [main] INFO  testCases.Tc_002_LoginTest - *** Finished LoginTest***
10:40:50.159 [main] INFO  testCases.Tc_001_AccountRegistrationTest - ****   Starting Tc_001_AccountRegistrationTest  ****
10:40:50.161 [main] DEBUG testCases.Tc_001_AccountRegistrationTest - Application Logs....
10:40:50.198 [main] INFO  testCases.Tc_001_AccountRegistrationTest - Clicked on MyAccount link
10:40:50.367 [main] INFO  testCases.Tc_001_AccountRegistrationTest - Clicked on register link
10:40:50.368 [main] INFO  testCases.Tc_001_AccountRegistrationTest - Entering customer information
10:40:50.514 [main] INFO  testCases.Tc_001_AccountRegistrationTest - Clicked Continue button
10:40:50.750 [main] INFO  testCases.Tc_001_AccountRegistrationTest - Validating confirmaion msg
10:40:50.751 [main] INFO  testCases.Tc_001_AccountRegistrationTest - Test Passsed
10:40:50.751 [main] INFO  testCases.Tc_001_AccountRegistrationTest - ****   Finished Tc_001_AccountRegistrationTest  ****
10:40:52.073 [main] INFO  testCases.Tc_002_LoginTest - *** Starting LoginTest***
